Standard Commons Logging discovery in action with spring-jcl: please remove commons-logging.jar from classpath in order to avoid potential conflicts

  .   ____          _            __ _ _
 /\\ / ___'_ __ _ _(_)_ __  __ _ \ \ \ \
( ( )\___ | '_ | '_| | '_ \/ _` | \ \ \ \
 \\/  ___)| |_)| | | | | || (_| |  ) ) ) )
  '  |____| .__|_| |_|_| |_\__, | / / / /
 =========|_|==============|___/=/_/_/_/
 :: Spring Boot ::                (v3.2.4)

2026-04-17 11:22:30.560 [main] INFO  c.h.transfer.HcpTransferApplication - Starting HcpTransferApplication v1.0.0-SNAPSHOT using Java 17.0.18 with PID 20247 (/tcrbackup1/Saravanan/MyUIUtils/hcp-transfer-standalone/hcp-transfer-new/lib/hcp-transfer.jar started by crptest in /tcrbackup1/Saravanan/MyUIUtils/hcp-transfer-standalone/hcp-transfer-new)
2026-04-17 11:22:30.569 [main] INFO  c.h.transfer.HcpTransferApplication - No active profile set, falling back to 1 default profile: "default"
2026-04-17 11:22:32.680 [main] INFO  o.s.d.r.c.RepositoryConfigurationDelegate - Bootstrapping Spring Data JPA repositories in DEFAULT mode.
2026-04-17 11:22:32.798 [main] INFO  o.s.d.r.c.RepositoryConfigurationDelegate - Finished Spring Data repository scanning in 103 ms. Found 5 JPA repository interfaces.
2026-04-17 11:22:34.019 [main] INFO  o.s.b.w.e.tomcat.TomcatWebServer - Tomcat initialized with port 8080 (http)
2026-04-17 11:22:34.035 [main] INFO  o.a.catalina.core.StandardService - Starting service [Tomcat]
2026-04-17 11:22:34.036 [main] INFO  o.a.catalina.core.StandardEngine - Starting Servlet engine: [Apache Tomcat/10.1.19]
2026-04-17 11:22:34.092 [main] INFO  o.a.c.c.C.[Tomcat].[localhost].[/] - Initializing Spring embedded WebApplicationContext
2026-04-17 11:22:34.093 [main] INFO  o.s.b.w.s.c.ServletWebServerApplicationContext - Root WebApplicationContext: initialization completed in 3380 ms
Standard Commons Logging discovery in action with spring-jcl: please remove commons-logging.jar from classpath in order to avoid potential conflicts
2026-04-17 11:22:34.315 [main] INFO  com.zaxxer.hikari.HikariDataSource - HikariPool-1 - Starting...
2026-04-17 11:22:34.679 [main] INFO  com.zaxxer.hikari.pool.HikariPool - HikariPool-1 - Added connection conn0: url=jdbc:h2:file:./data/hcpdb user=SA
2026-04-17 11:22:34.682 [main] INFO  com.zaxxer.hikari.HikariDataSource - HikariPool-1 - Start completed.
2026-04-17 11:22:34.697 [main] INFO  o.s.b.a.h.H2ConsoleAutoConfiguration - H2 console available at '/h2-console'. Database available at 'jdbc:h2:file:./data/hcpdb'
2026-04-17 11:22:35.093 [main] INFO  o.f.c.i.license.VersionPrinter - Flyway Community Edition 9.22.3 by Redgate
2026-04-17 11:22:35.094 [main] INFO  o.f.c.i.license.VersionPrinter - See release notes here: https://rd.gt/416ObMi
2026-04-17 11:22:35.094 [main] INFO  o.f.c.i.license.VersionPrinter - 
2026-04-17 11:22:35.161 [main] INFO  org.flywaydb.core.FlywayExecutor - Database: jdbc:h2:file:./data/hcpdb (H2 2.2)
2026-04-17 11:22:35.170 [main] WARN  o.f.c.i.database.base.Database - Flyway upgrade recommended: H2 2.2.224 is newer than this version of Flyway and support has not been tested. The latest supported version of H2 is 2.2.220.
2026-04-17 11:22:35.202 [main] INFO  o.f.c.i.s.JdbcTableSchemaHistory - Schema history table "PUBLIC"."flyway_schema_history" does not exist yet
2026-04-17 11:22:35.207 [main] INFO  o.f.core.internal.command.DbValidate - Successfully validated 1 migration (execution time 00:00.021s)
2026-04-17 11:22:35.215 [main] INFO  o.f.c.i.s.JdbcTableSchemaHistory - Creating Schema History table "PUBLIC"."flyway_schema_history" ...
2026-04-17 11:22:35.254 [main] INFO  o.f.core.internal.command.DbMigrate - Current version of schema "PUBLIC": << Empty Schema >>
2026-04-17 11:22:35.272 [main] INFO  o.f.core.internal.command.DbMigrate - Migrating schema "PUBLIC" to version "1 - init schema"
2026-04-17 11:22:35.336 [main] INFO  o.f.core.internal.command.DbMigrate - Successfully applied 1 migration to schema "PUBLIC", now at version v1 (execution time 00:00.052s)
2026-04-17 11:22:35.494 [main] INFO  o.h.jpa.internal.util.LogHelper - HHH000204: Processing PersistenceUnitInfo [name: default]
2026-04-17 11:22:35.582 [main] INFO  org.hibernate.Version - HHH000412: Hibernate ORM core version 6.4.4.Final
2026-04-17 11:22:35.633 [main] INFO  o.h.c.i.RegionFactoryInitiator - HHH000026: Second-level cache disabled
2026-04-17 11:22:35.947 [main] INFO  o.s.o.j.p.SpringPersistenceUnitInfo - No LoadTimeWeaver setup: ignoring JPA class transformer
2026-04-17 11:22:37.679 [main] INFO  o.h.e.t.j.p.i.JtaPlatformInitiator - HHH000489: No JTA platform available (set 'hibernate.transaction.jta.platform' to enable JTA platform integration)
2026-04-17 11:22:37.718 [main] INFO  o.s.o.j.LocalContainerEntityManagerFactoryBean - Initialized JPA EntityManagerFactory for persistence unit 'default'
2026-04-17 11:22:38.434 [main] INFO  o.s.d.j.r.query.QueryEnhancerFactory - Hibernate is in classpath; If applicable, HQL parser will be used.
2026-04-17 11:22:39.521 [main] INFO  c.h.transfer.service.JobOrchestrator - Checking for interrupted jobs...
2026-04-17 11:22:39.780 [main] INFO  c.h.transfer.service.JobOrchestrator - Recovery complete. 0 jobs recovered.
2026-04-17 11:22:40.109 [main] WARN  o.s.b.a.s.s.UserDetailsServiceAutoConfiguration - 

Using generated security password: ed6b37f9-a8d6-4798-8c14-e8fa5daf2534

This generated password is for development use only. Your security configuration must be updated before running your application in production.

2026-04-17 11:22:40.725 [main] INFO  o.s.b.a.e.web.EndpointLinksResolver - Exposing 3 endpoint(s) beneath base path '/actuator'
2026-04-17 11:22:40.811 [main] INFO  o.s.s.web.DefaultSecurityFilterChain - Will secure any request with [org.springframework.security.web.session.DisableEncodeUrlFilter@41e5450f, org.springframework.security.web.context.request.async.WebAsyncManagerIntegrationFilter@5677b9e3, org.springframework.security.web.context.SecurityContextHolderFilter@1c179a3e, org.springframework.security.web.header.HeaderWriterFilter@7ab66d54, org.springframework.web.filter.CorsFilter@6a6e6278, org.springframework.security.web.authentication.logout.LogoutFilter@32e58546, org.springframework.security.web.savedrequest.RequestCacheAwareFilter@68ba2801, org.springframework.security.web.servletapi.SecurityContextHolderAwareRequestFilter@2f41798d, org.springframework.security.web.authentication.AnonymousAuthenticationFilter@296eda6c, org.springframework.security.web.access.ExceptionTranslationFilter@2df9b4f3, org.springframework.security.web.access.intercept.AuthorizationFilter@266200f6]
2026-04-17 11:22:41.522 [main] WARN  o.s.b.w.s.c.AnnotationConfigServletWebServerApplicationContext - Exception encountered during context initialization - cancelling refresh attempt: org.springframework.context.ApplicationContextException: Failed to start bean 'webServerStartStop'
2026-04-17 11:22:41.526 [main] INFO  c.h.transfer.service.JobOrchestrator - Shutting down job orchestrator...
2026-04-17 11:22:41.527 [main] INFO  c.h.transfer.engine.HcpClientFactory - Closing all cached S3 clients...
2026-04-17 11:22:41.528 [main] INFO  o.s.o.j.LocalContainerEntityManagerFactoryBean - Closing JPA EntityManagerFactory for persistence unit 'default'
2026-04-17 11:22:41.532 [main] INFO  com.zaxxer.hikari.HikariDataSource - HikariPool-1 - Shutdown initiated...
2026-04-17 11:22:41.541 [main] INFO  com.zaxxer.hikari.HikariDataSource - HikariPool-1 - Shutdown completed.
2026-04-17 11:22:41.577 [main] INFO  o.s.b.a.l.ConditionEvaluationReportLogger - 

Error starting ApplicationContext. To display the condition evaluation report re-run your application with 'debug' enabled.
2026-04-17 11:22:41.600 [main] ERROR o.s.b.d.LoggingFailureAnalysisReporter - 

***************************
APPLICATION FAILED TO START
***************************

Description:

Web server failed to start. Port 8080 was already in use.

Action:

Identify and stop the process that's listening on port 8080 or configure this application to listen on another port.

ilter@296eda6c, org.springframework.security.web.access.ExceptionTranslationFilter@2df9b4f3, org.springframework.security.web.access.intercept.AuthorizationFilter@266200f6]
2026-04-17T11:22:41.522Z  WARN 20247 --- [hcp-transfer-console] [main] ConfigServletWebServerApplicationContext : Exception encountered during context initialization - cancelling refresh attempt: org.springframework.context.ApplicationContextException: Failed to start bean 'webServerStartStop'
2026-04-17T11:22:41.526Z  INFO 20247 --- [hcp-transfer-console] [main] c.hcp.transfer.service.JobOrchestrator   : Shutting down job orchestrator...
2026-04-17T11:22:41.527Z  INFO 20247 --- [hcp-transfer-console] [main] c.hcp.transfer.engine.HcpClientFactory   : Closing all cached S3 clients...
2026-04-17T11:22:41.528Z  INFO 20247 --- [hcp-transfer-console] [main] j.LocalContainerEntityManagerFactoryBean : Closing JPA EntityManagerFactory for persistence unit 'default'
2026-04-17T11:22:41.532Z  INFO 20247 --- [hcp-transfer-console] [main] com.zaxxer.hikari.HikariDataSource       : HikariPool-1 - Shutdown initiated...
2026-04-17T11:22:41.541Z  INFO 20247 --- [hcp-transfer-console] [main] com.zaxxer.hikari.HikariDataSource       : HikariPool-1 - Shutdown completed.
2026-04-17T11:22:41.577Z  INFO 20247 --- [hcp-transfer-console] [main] .s.b.a.l.ConditionEvaluationReportLogger : 

Error starting ApplicationContext. To display the condition evaluation report re-run your application with 'debug' enabled.
2026-04-17T11:22:41.600Z ERROR 20247 --- [hcp-transfer-console] [main] o.s.b.d.LoggingFailureAnalysisReporter   : 

***************************
APPLICATION FAILED TO START
***************************

Description:

Web server failed to start. Port 8080 was already in use.

Action:

Identify and stop the process that's listening on port 8080 or configure this application to listen on another port.

